<?xml version="1.0" encoding="UTF-8"?>
<testsuite name="io.ipfs.kotlin.TestName" tests="4" skipped="0" failures="0" errors="0" timestamp="2020-02-16T16:40:12" hostname="iabloko" time="0.026">
  <properties/>
  <testcase name="testPublishFail" classname="io.ipfs.kotlin.TestName" time="0.007"/>
  <testcase name="testResolveSuccess" classname="io.ipfs.kotlin.TestName" time="0.007"/>
  <testcase name="testPublishSuccess" classname="io.ipfs.kotlin.TestName" time="0.009"/>
  <testcase name="testResolveFail" classname="io.ipfs.kotlin.TestName" time="0.003"/>
  <system-out><![CDATA[]]></system-out>
  <system-err><![CDATA[févr. 16, 2020 5:40:12 PM okhttp3.mockwebserver.MockWebServer$2 execute
INFOS: MockWebServer[43501] starting to accept connections
févr. 16, 2020 5:40:12 PM okhttp3.mockwebserver.MockWebServer$3 processOneRequest
INFOS: MockWebServer[43501] received request: GET /name/publish/hashname HTTP/1.1 and responded: HTTP/1.1 200 OK
févr. 16, 2020 5:40:12 PM okhttp3.mockwebserver.MockWebServer$2 acceptConnections
INFOS: MockWebServer[43501] done accepting connections: Socket closed
févr. 16, 2020 5:40:12 PM okhttp3.mockwebserver.MockWebServer$2 execute
INFOS: MockWebServer[46927] starting to accept connections
févr. 16, 2020 5:40:12 PM okhttp3.mockwebserver.MockWebServer$3 processOneRequest
INFOS: MockWebServer[46927] received request: GET /name/resolve/somehash HTTP/1.1 and responded: HTTP/1.1 200 OK
févr. 16, 2020 5:40:12 PM okhttp3.mockwebserver.MockWebServer$2 acceptConnections
INFOS: MockWebServer[46927] done accepting connections: Socket closed
févr. 16, 2020 5:40:12 PM okhttp3.mockwebserver.MockWebServer$2 execute
INFOS: MockWebServer[58381] starting to accept connections
févr. 16, 2020 5:40:12 PM okhttp3.mockwebserver.MockWebServer$3 processOneRequest
INFOS: MockWebServer[58381] received request: GET /name/publish/hashvalue HTTP/1.1 and responded: HTTP/1.1 200 OK
févr. 16, 2020 5:40:12 PM okhttp3.mockwebserver.MockWebServer$2 acceptConnections
INFOS: MockWebServer[58381] done accepting connections: Socket closed
févr. 16, 2020 5:40:12 PM okhttp3.mockwebserver.MockWebServer$2 execute
INFOS: MockWebServer[57175] starting to accept connections
févr. 16, 2020 5:40:12 PM okhttp3.mockwebserver.MockWebServer$3 processOneRequest
INFOS: MockWebServer[57175] received request: GET /name/resolve/somehash HTTP/1.1 and responded: HTTP/1.1 200 OK
févr. 16, 2020 5:40:12 PM okhttp3.mockwebserver.MockWebServer$2 acceptConnections
INFOS: MockWebServer[57175] done accepting connections: Socket closed
]]></system-err>
</testsuite>
