<?xml version="1.0" encoding="UTF-8"?>
<testsuite name="io.ipfs.kotlin.TestMyLibrary" tests="1" skipped="0" failures="0" errors="0" timestamp="2020-02-17T14:45:12" hostname="iabloko" time="0.002">
  <properties/>
  <testcase name="testFunctionName" classname="io.ipfs.kotlin.TestMyLibrary" time="0.002"/>
  <system-out><![CDATA[My tests done
]]></system-out>
  <system-err><![CDATA[févr. 17, 2020 3:45:12 PM okhttp3.mockwebserver.MockWebServer$2 execute
INFOS: MockWebServer[38123] starting to accept connections
févr. 17, 2020 3:45:12 PM okhttp3.mockwebserver.MockWebServer$2 acceptConnections
INFOS: MockWebServer[38123] done accepting connections: Socket is closed
]]></system-err>
</testsuite>
