<?xml version="1.0" encoding="UTF-8"?>
<testsuite name="io.ipfs.kotlin.TestRepo" tests="4" skipped="0" failures="0" errors="0" timestamp="2020-02-17T14:45:12" hostname="iabloko" time="0.081">
  <properties/>
  <testcase name="testEmptyGC" classname="io.ipfs.kotlin.TestRepo" time="0.068"/>
  <testcase name="testGC" classname="io.ipfs.kotlin.TestRepo" time="0.006"/>
  <testcase name="testDifferentSeparator" classname="io.ipfs.kotlin.TestRepo" time="0.003"/>
  <testcase name="testNewGCResponseStyle" classname="io.ipfs.kotlin.TestRepo" time="0.003"/>
  <system-out><![CDATA[]]></system-out>
  <system-err><![CDATA[févr. 17, 2020 3:45:12 PM okhttp3.mockwebserver.MockWebServer$2 execute
INFOS: MockWebServer[41785] starting to accept connections
févr. 17, 2020 3:45:12 PM okhttp3.mockwebserver.MockWebServer$3 processOneRequest
INFOS: MockWebServer[41785] received request: GET /repo/gc HTTP/1.1 and responded: HTTP/1.1 200 OK
févr. 17, 2020 3:45:12 PM okhttp3.mockwebserver.MockWebServer$2 acceptConnections
INFOS: MockWebServer[41785] done accepting connections: Socket closed
févr. 17, 2020 3:45:12 PM okhttp3.mockwebserver.MockWebServer$2 execute
INFOS: MockWebServer[48161] starting to accept connections
févr. 17, 2020 3:45:12 PM okhttp3.mockwebserver.MockWebServer$3 processOneRequest
INFOS: MockWebServer[48161] received request: GET /repo/gc HTTP/1.1 and responded: HTTP/1.1 200 OK
févr. 17, 2020 3:45:12 PM okhttp3.mockwebserver.MockWebServer$2 acceptConnections
INFOS: MockWebServer[48161] done accepting connections: Socket closed
févr. 17, 2020 3:45:12 PM okhttp3.mockwebserver.MockWebServer$2 execute
INFOS: MockWebServer[33713] starting to accept connections
févr. 17, 2020 3:45:12 PM okhttp3.mockwebserver.MockWebServer$3 processOneRequest
INFOS: MockWebServer[33713] received request: GET /repo/gc HTTP/1.1 and responded: HTTP/1.1 200 OK
févr. 17, 2020 3:45:12 PM okhttp3.mockwebserver.MockWebServer$2 acceptConnections
INFOS: MockWebServer[33713] done accepting connections: Socket closed
févr. 17, 2020 3:45:12 PM okhttp3.mockwebserver.MockWebServer$2 execute
INFOS: MockWebServer[33473] starting to accept connections
févr. 17, 2020 3:45:12 PM okhttp3.mockwebserver.MockWebServer$3 processOneRequest
INFOS: MockWebServer[33473] received request: GET /repo/gc HTTP/1.1 and responded: HTTP/1.1 200 OK
févr. 17, 2020 3:45:12 PM okhttp3.mockwebserver.MockWebServer$2 acceptConnections
INFOS: MockWebServer[33473] done accepting connections: Socket closed
]]></system-err>
</testsuite>
