<?xml version="1.0" encoding="UTF-8"?>
<testsuite name="io.ipfs.kotlin.TestInfo" tests="1" skipped="0" failures="0" errors="0" timestamp="2020-02-17T14:45:12" hostname="iabloko" time="0.005">
  <properties/>
  <testcase name="testInfo" classname="io.ipfs.kotlin.TestInfo" time="0.005"/>
  <system-out><![CDATA[. Entering  in testInfo called by invoke0
. Exiting from testInfo
]]></system-out>
  <system-err><![CDATA[févr. 17, 2020 3:45:12 PM okhttp3.mockwebserver.MockWebServer$2 execute
INFOS: MockWebServer[35895] starting to accept connections
févr. 17, 2020 3:45:12 PM okhttp3.mockwebserver.MockWebServer$3 processOneRequest
INFOS: MockWebServer[35895] received request: GET /version HTTP/1.1 and responded: HTTP/1.1 200 OK
févr. 17, 2020 3:45:12 PM okhttp3.mockwebserver.MockWebServer$2 acceptConnections
INFOS: MockWebServer[35895] done accepting connections: Socket closed
]]></system-err>
</testsuite>
