<?xml version="1.0" encoding="UTF-8"?>
<testsuite name="io.ipfs.kotlin.TestInfo" tests="1" skipped="0" failures="0" errors="0" timestamp="2020-02-17T12:19:07" hostname="iabloko" time="0.005">
  <properties/>
  <testcase name="testInfo" classname="io.ipfs.kotlin.TestInfo" time="0.005"/>
  <system-out><![CDATA[. Entering  in testInfo called by invoke0
testInfo: addString VersionInfo(Version=0.4.2, Commit=1654bbf, Repo=3)
. Exiting from testInfo
]]></system-out>
  <system-err><![CDATA[févr. 17, 2020 1:19:07 PM okhttp3.mockwebserver.MockWebServer$2 execute
INFOS: MockWebServer[40963] starting to accept connections
févr. 17, 2020 1:19:07 PM okhttp3.mockwebserver.MockWebServer$3 processOneRequest
INFOS: MockWebServer[40963] received request: GET /version HTTP/1.1 and responded: HTTP/1.1 200 OK
févr. 17, 2020 1:19:07 PM okhttp3.mockwebserver.MockWebServer$2 acceptConnections
INFOS: MockWebServer[40963] done accepting connections: Socket closed
]]></system-err>
</testsuite>
