<?xml version="1.0" encoding="UTF-8"?>
<testsuite name="io.ipfs.kotlin.TestInfo" tests="1" skipped="0" failures="0" errors="0" timestamp="2020-02-16T15:02:16" hostname="iabloko" time="0.006">
  <properties/>
  <testcase name="testInfo" classname="io.ipfs.kotlin.TestInfo" time="0.006"/>
  <system-out><![CDATA[. Entering  in testInfo called by top
. Exiting from testInfo
]]></system-out>
  <system-err><![CDATA[févr. 16, 2020 4:02:16 PM okhttp3.mockwebserver.MockWebServer$2 execute
INFOS: MockWebServer[51071] starting to accept connections
févr. 16, 2020 4:02:16 PM okhttp3.mockwebserver.MockWebServer$3 processOneRequest
INFOS: MockWebServer[51071] received request: GET /version HTTP/1.1 and responded: HTTP/1.1 200 OK
févr. 16, 2020 4:02:16 PM okhttp3.mockwebserver.MockWebServer$2 acceptConnections
INFOS: MockWebServer[51071] done accepting connections: Socket closed
]]></system-err>
</testsuite>
