<?xml version="1.0" encoding="UTF-8"?>
<testsuite name="io.ipfs.kotlin.TestRepo" tests="4" skipped="0" failures="0" errors="0" timestamp="2020-02-16T08:43:09" hostname="iabloko" time="0.077">
  <properties/>
  <testcase name="testEmptyGC" classname="io.ipfs.kotlin.TestRepo" time="0.064"/>
  <testcase name="testGC" classname="io.ipfs.kotlin.TestRepo" time="0.007"/>
  <testcase name="testDifferentSeparator" classname="io.ipfs.kotlin.TestRepo" time="0.003"/>
  <testcase name="testNewGCResponseStyle" classname="io.ipfs.kotlin.TestRepo" time="0.002"/>
  <system-out><![CDATA[]]></system-out>
  <system-err><![CDATA[févr. 16, 2020 9:43:09 AM okhttp3.mockwebserver.MockWebServer$2 execute
INFOS: MockWebServer[38303] starting to accept connections
févr. 16, 2020 9:43:09 AM okhttp3.mockwebserver.MockWebServer$3 processOneRequest
INFOS: MockWebServer[38303] received request: GET /repo/gc HTTP/1.1 and responded: HTTP/1.1 200 OK
févr. 16, 2020 9:43:09 AM okhttp3.mockwebserver.MockWebServer$2 acceptConnections
INFOS: MockWebServer[38303] done accepting connections: Socket closed
févr. 16, 2020 9:43:09 AM okhttp3.mockwebserver.MockWebServer$2 execute
INFOS: MockWebServer[55513] starting to accept connections
févr. 16, 2020 9:43:09 AM okhttp3.mockwebserver.MockWebServer$3 processOneRequest
INFOS: MockWebServer[55513] received request: GET /repo/gc HTTP/1.1 and responded: HTTP/1.1 200 OK
févr. 16, 2020 9:43:09 AM okhttp3.mockwebserver.MockWebServer$2 acceptConnections
INFOS: MockWebServer[55513] done accepting connections: Socket closed
févr. 16, 2020 9:43:09 AM okhttp3.mockwebserver.MockWebServer$2 execute
INFOS: MockWebServer[56977] starting to accept connections
févr. 16, 2020 9:43:09 AM okhttp3.mockwebserver.MockWebServer$3 processOneRequest
INFOS: MockWebServer[56977] received request: GET /repo/gc HTTP/1.1 and responded: HTTP/1.1 200 OK
févr. 16, 2020 9:43:09 AM okhttp3.mockwebserver.MockWebServer$2 acceptConnections
INFOS: MockWebServer[56977] done accepting connections: Socket closed
févr. 16, 2020 9:43:09 AM okhttp3.mockwebserver.MockWebServer$2 execute
INFOS: MockWebServer[46573] starting to accept connections
févr. 16, 2020 9:43:09 AM okhttp3.mockwebserver.MockWebServer$3 processOneRequest
INFOS: MockWebServer[46573] received request: GET /repo/gc HTTP/1.1 and responded: HTTP/1.1 200 OK
févr. 16, 2020 9:43:09 AM okhttp3.mockwebserver.MockWebServer$2 acceptConnections
INFOS: MockWebServer[46573] done accepting connections: Socket closed
]]></system-err>
</testsuite>
