<?xml version="1.0" encoding="UTF-8"?>
<testsuite name="io.ipfs.kotlin.TestGet" tests="1" skipped="0" failures="0" errors="0" timestamp="2020-02-16T16:40:12" hostname="iabloko" time="0.008">
  <properties/>
  <testcase name="testAddString" classname="io.ipfs.kotlin.TestGet" time="0.008"/>
  <system-out><![CDATA[result result
]]></system-out>
  <system-err><![CDATA[févr. 16, 2020 5:40:12 PM okhttp3.mockwebserver.MockWebServer$2 execute
INFOS: MockWebServer[42649] starting to accept connections
févr. 16, 2020 5:40:12 PM okhttp3.mockwebserver.MockWebServer$3 processOneRequest
INFOS: MockWebServer[42649] received request: GET /cat/hash HTTP/1.1 and responded: HTTP/1.1 200 OK
févr. 16, 2020 5:40:12 PM okhttp3.mockwebserver.MockWebServer$2 acceptConnections
INFOS: MockWebServer[42649] done accepting connections: Socket closed
]]></system-err>
</testsuite>
