<?xml version="1.0" encoding="UTF-8"?>
<testsuite name="io.ipfs.kotlin.TestName" tests="4" skipped="0" failures="0" errors="0" timestamp="2020-02-16T08:43:09" hostname="iabloko" time="0.015">
  <properties/>
  <testcase name="testPublishFail" classname="io.ipfs.kotlin.TestName" time="0.004"/>
  <testcase name="testResolveSuccess" classname="io.ipfs.kotlin.TestName" time="0.003"/>
  <testcase name="testPublishSuccess" classname="io.ipfs.kotlin.TestName" time="0.005"/>
  <testcase name="testResolveFail" classname="io.ipfs.kotlin.TestName" time="0.003"/>
  <system-out><![CDATA[]]></system-out>
  <system-err><![CDATA[févr. 16, 2020 9:43:09 AM okhttp3.mockwebserver.MockWebServer$2 execute
INFOS: MockWebServer[54233] starting to accept connections
févr. 16, 2020 9:43:09 AM okhttp3.mockwebserver.MockWebServer$3 processOneRequest
INFOS: MockWebServer[54233] received request: GET /name/publish/hashname HTTP/1.1 and responded: HTTP/1.1 200 OK
févr. 16, 2020 9:43:09 AM okhttp3.mockwebserver.MockWebServer$2 acceptConnections
INFOS: MockWebServer[54233] done accepting connections: Socket closed
févr. 16, 2020 9:43:09 AM okhttp3.mockwebserver.MockWebServer$2 execute
INFOS: MockWebServer[49065] starting to accept connections
févr. 16, 2020 9:43:09 AM okhttp3.mockwebserver.MockWebServer$3 processOneRequest
INFOS: MockWebServer[49065] received request: GET /name/resolve/somehash HTTP/1.1 and responded: HTTP/1.1 200 OK
févr. 16, 2020 9:43:09 AM okhttp3.mockwebserver.MockWebServer$2 acceptConnections
INFOS: MockWebServer[49065] done accepting connections: Socket closed
févr. 16, 2020 9:43:09 AM okhttp3.mockwebserver.MockWebServer$2 execute
INFOS: MockWebServer[43125] starting to accept connections
févr. 16, 2020 9:43:09 AM okhttp3.mockwebserver.MockWebServer$3 processOneRequest
INFOS: MockWebServer[43125] received request: GET /name/publish/hashvalue HTTP/1.1 and responded: HTTP/1.1 200 OK
févr. 16, 2020 9:43:09 AM okhttp3.mockwebserver.MockWebServer$2 acceptConnections
INFOS: MockWebServer[43125] done accepting connections: Socket closed
févr. 16, 2020 9:43:09 AM okhttp3.mockwebserver.MockWebServer$2 execute
INFOS: MockWebServer[36459] starting to accept connections
févr. 16, 2020 9:43:09 AM okhttp3.mockwebserver.MockWebServer$3 processOneRequest
INFOS: MockWebServer[36459] received request: GET /name/resolve/somehash HTTP/1.1 and responded: HTTP/1.1 200 OK
févr. 16, 2020 9:43:09 AM okhttp3.mockwebserver.MockWebServer$2 acceptConnections
INFOS: MockWebServer[36459] done accepting connections: Socket closed
]]></system-err>
</testsuite>
