<?xml version="1.0" encoding="UTF-8"?>
<testsuite name="io.ipfs.kotlin.TestPins" tests="2" skipped="0" failures="0" errors="0" timestamp="2020-02-16T08:43:08" hostname="iabloko" time="0.192">
  <properties/>
  <testcase name="testAddPinFail" classname="io.ipfs.kotlin.TestPins" time="0.189"/>
  <testcase name="testAddPin" classname="io.ipfs.kotlin.TestPins" time="0.003"/>
  <system-out><![CDATA[]]></system-out>
  <system-err><![CDATA[févr. 16, 2020 9:43:08 AM okhttp3.mockwebserver.MockWebServer$2 execute
INFOS: MockWebServer[48483] starting to accept connections
févr. 16, 2020 9:43:09 AM okhttp3.mockwebserver.MockWebServer$3 processOneRequest
INFOS: MockWebServer[48483] received request: GET /pin/add/foo HTTP/1.1 and responded: HTTP/1.1 200 OK
févr. 16, 2020 9:43:09 AM okhttp3.mockwebserver.MockWebServer$2 acceptConnections
INFOS: MockWebServer[48483] done accepting connections: Socket closed
févr. 16, 2020 9:43:09 AM okhttp3.mockwebserver.MockWebServer$2 execute
INFOS: MockWebServer[60519] starting to accept connections
févr. 16, 2020 9:43:09 AM okhttp3.mockwebserver.MockWebServer$3 processOneRequest
INFOS: MockWebServer[60519] received request: GET /pin/add/QmPFDyWdL6yjz92jdc6bzWXHKVvydAhgTzhefSmmkDXzSZ HTTP/1.1 and responded: HTTP/1.1 200 OK
févr. 16, 2020 9:43:09 AM okhttp3.mockwebserver.MockWebServer$2 acceptConnections
INFOS: MockWebServer[60519] done accepting connections: Socket closed
]]></system-err>
</testsuite>
