<?xml version="1.0" encoding="UTF-8"?>
<testsuite name="io.ipfs.kotlin.TestMyLibrary" tests="1" skipped="0" failures="0" errors="0" timestamp="2020-02-17T12:19:06" hostname="iabloko" time="0.001">
  <properties/>
  <testcase name="testFunctionName" classname="io.ipfs.kotlin.TestMyLibrary" time="0.001"/>
  <system-out><![CDATA[My tests done
]]></system-out>
  <system-err><![CDATA[févr. 17, 2020 1:19:06 PM okhttp3.mockwebserver.MockWebServer$2 execute
INFOS: MockWebServer[52279] starting to accept connections
févr. 17, 2020 1:19:06 PM okhttp3.mockwebserver.MockWebServer$2 acceptConnections
INFOS: MockWebServer[52279] done accepting connections: Socket is closed
]]></system-err>
</testsuite>
