<?xml version="1.0" encoding="UTF-8"?>
<testsuite name="io.ipfs.kotlin.TestStats" tests="1" skipped="0" failures="0" errors="0" timestamp="2020-02-16T08:43:09" hostname="iabloko" time="0.008">
  <properties/>
  <testcase name="testBandWidthStats" classname="io.ipfs.kotlin.TestStats" time="0.008"/>
  <system-out><![CDATA[]]></system-out>
  <system-err><![CDATA[févr. 16, 2020 9:43:09 AM okhttp3.mockwebserver.MockWebServer$2 execute
INFOS: MockWebServer[36703] starting to accept connections
févr. 16, 2020 9:43:09 AM okhttp3.mockwebserver.MockWebServer$3 processOneRequest
INFOS: MockWebServer[36703] received request: GET /stats/bw HTTP/1.1 and responded: HTTP/1.1 200 OK
févr. 16, 2020 9:43:09 AM okhttp3.mockwebserver.MockWebServer$2 acceptConnections
INFOS: MockWebServer[36703] done accepting connections: Socket closed
]]></system-err>
</testsuite>
