<?xml version="1.0" encoding="UTF-8"?>
<testsuite name="io.ipfs.kotlin.TestPins" tests="2" skipped="0" failures="0" errors="0" timestamp="2020-02-17T14:45:12" hostname="iabloko" time="0.185">
  <properties/>
  <testcase name="testAddPinFail" classname="io.ipfs.kotlin.TestPins" time="0.181"/>
  <testcase name="testAddPin" classname="io.ipfs.kotlin.TestPins" time="0.004"/>
  <system-out><![CDATA[]]></system-out>
  <system-err><![CDATA[févr. 17, 2020 3:45:12 PM okhttp3.mockwebserver.MockWebServer$2 execute
INFOS: MockWebServer[35347] starting to accept connections
févr. 17, 2020 3:45:12 PM okhttp3.mockwebserver.MockWebServer$3 processOneRequest
INFOS: MockWebServer[35347] received request: GET /pin/add/foo HTTP/1.1 and responded: HTTP/1.1 200 OK
févr. 17, 2020 3:45:12 PM okhttp3.mockwebserver.MockWebServer$2 acceptConnections
INFOS: MockWebServer[35347] done accepting connections: Socket closed
févr. 17, 2020 3:45:12 PM okhttp3.mockwebserver.MockWebServer$2 execute
INFOS: MockWebServer[47969] starting to accept connections
févr. 17, 2020 3:45:12 PM okhttp3.mockwebserver.MockWebServer$3 processOneRequest
INFOS: MockWebServer[47969] received request: GET /pin/add/QmPFDyWdL6yjz92jdc6bzWXHKVvydAhgTzhefSmmkDXzSZ HTTP/1.1 and responded: HTTP/1.1 200 OK
févr. 17, 2020 3:45:12 PM okhttp3.mockwebserver.MockWebServer$2 acceptConnections
INFOS: MockWebServer[47969] done accepting connections: Socket closed
]]></system-err>
</testsuite>
