<?xml version="1.0" encoding="UTF-8"?>
<testsuite name="io.ipfs.kotlin.TestAdd" tests="3" skipped="0" failures="0" errors="0" timestamp="2020-02-17T14:45:12" hostname="iabloko" time="0.07">
  <properties/>
  <testcase name="testAddFile" classname="io.ipfs.kotlin.TestAdd" time="0.054"/>
  <testcase name="testAddDirectory" classname="io.ipfs.kotlin.TestAdd" time="0.011"/>
  <testcase name="testAddString" classname="io.ipfs.kotlin.TestAdd" time="0.004"/>
  <system-out><![CDATA[. Entering  in addFile called by access$addFile
. Exiting from addFile
. Entering  in addFile called by access$addFile
.. Entering  in addFile called by addFile
... Entering  in addFile called by addFile
... Exiting from addFile
.. Exiting from addFile
.. Entering  in addFile called by addFile
.. Exiting from addFile
.. Entering  in addFile called by addFile
.. Exiting from addFile
. Exiting from addFile
. Entering  in testAddString called by invoke0
. Exiting from testAddString
]]></system-out>
  <system-err><![CDATA[févr. 17, 2020 3:45:12 PM okhttp3.mockwebserver.MockWebServer$2 execute
INFOS: MockWebServer[44665] starting to accept connections
févr. 17, 2020 3:45:12 PM okhttp3.mockwebserver.MockWebServer$3 processOneRequest
INFOS: MockWebServer[44665] received request: POST /add?stream-channels=true&progress=false HTTP/1.1 and responded: HTTP/1.1 200 OK
févr. 17, 2020 3:45:12 PM okhttp3.mockwebserver.MockWebServer$2 acceptConnections
INFOS: MockWebServer[44665] done accepting connections: Socket closed
févr. 17, 2020 3:45:12 PM okhttp3.mockwebserver.MockWebServer$2 execute
INFOS: MockWebServer[44025] starting to accept connections
févr. 17, 2020 3:45:12 PM okhttp3.mockwebserver.MockWebServer$3 processOneRequest
INFOS: MockWebServer[44025] received request: POST /add?stream-channels=true&progress=false HTTP/1.1 and responded: HTTP/1.1 200 OK
févr. 17, 2020 3:45:12 PM okhttp3.mockwebserver.MockWebServer$2 acceptConnections
INFOS: MockWebServer[44025] done accepting connections: Socket closed
févr. 17, 2020 3:45:12 PM okhttp3.mockwebserver.MockWebServer$2 execute
INFOS: MockWebServer[41541] starting to accept connections
févr. 17, 2020 3:45:12 PM okhttp3.mockwebserver.MockWebServer$3 processOneRequest
INFOS: MockWebServer[41541] received request: POST /add?stream-channels=true&progress=false HTTP/1.1 and responded: HTTP/1.1 200 OK
févr. 17, 2020 3:45:12 PM okhttp3.mockwebserver.MockWebServer$2 acceptConnections
INFOS: MockWebServer[41541] done accepting connections: Socket closed
]]></system-err>
</testsuite>
