<?xml version="1.0" encoding="UTF-8"?>
<testsuite name="io.ipfs.kotlin.TestName" tests="4" skipped="0" failures="0" errors="0" timestamp="2020-02-16T10:46:01" hostname="iabloko" time="0.015">
  <properties/>
  <testcase name="testPublishFail" classname="io.ipfs.kotlin.TestName" time="0.004"/>
  <testcase name="testResolveSuccess" classname="io.ipfs.kotlin.TestName" time="0.003"/>
  <testcase name="testPublishSuccess" classname="io.ipfs.kotlin.TestName" time="0.006"/>
  <testcase name="testResolveFail" classname="io.ipfs.kotlin.TestName" time="0.002"/>
  <system-out><![CDATA[]]></system-out>
  <system-err><![CDATA[févr. 16, 2020 11:46:01 AM okhttp3.mockwebserver.MockWebServer$2 execute
INFOS: MockWebServer[50885] starting to accept connections
févr. 16, 2020 11:46:01 AM okhttp3.mockwebserver.MockWebServer$3 processOneRequest
INFOS: MockWebServer[50885] received request: GET /name/publish/hashname HTTP/1.1 and responded: HTTP/1.1 200 OK
févr. 16, 2020 11:46:01 AM okhttp3.mockwebserver.MockWebServer$2 acceptConnections
INFOS: MockWebServer[50885] done accepting connections: Socket closed
févr. 16, 2020 11:46:01 AM okhttp3.mockwebserver.MockWebServer$2 execute
INFOS: MockWebServer[60279] starting to accept connections
févr. 16, 2020 11:46:01 AM okhttp3.mockwebserver.MockWebServer$3 processOneRequest
INFOS: MockWebServer[60279] received request: GET /name/resolve/somehash HTTP/1.1 and responded: HTTP/1.1 200 OK
févr. 16, 2020 11:46:01 AM okhttp3.mockwebserver.MockWebServer$2 acceptConnections
INFOS: MockWebServer[60279] done accepting connections: Socket closed
févr. 16, 2020 11:46:01 AM okhttp3.mockwebserver.MockWebServer$2 execute
INFOS: MockWebServer[40065] starting to accept connections
févr. 16, 2020 11:46:01 AM okhttp3.mockwebserver.MockWebServer$3 processOneRequest
INFOS: MockWebServer[40065] received request: GET /name/publish/hashvalue HTTP/1.1 and responded: HTTP/1.1 200 OK
févr. 16, 2020 11:46:01 AM okhttp3.mockwebserver.MockWebServer$2 acceptConnections
INFOS: MockWebServer[40065] done accepting connections: Socket closed
févr. 16, 2020 11:46:01 AM okhttp3.mockwebserver.MockWebServer$2 execute
INFOS: MockWebServer[33299] starting to accept connections
févr. 16, 2020 11:46:01 AM okhttp3.mockwebserver.MockWebServer$3 processOneRequest
INFOS: MockWebServer[33299] received request: GET /name/resolve/somehash HTTP/1.1 and responded: HTTP/1.1 200 OK
févr. 16, 2020 11:46:01 AM okhttp3.mockwebserver.MockWebServer$2 acceptConnections
INFOS: MockWebServer[33299] done accepting connections: Socket closed
]]></system-err>
</testsuite>
