<?xml version="1.0" encoding="UTF-8"?>
<testsuite name="io.ipfs.kotlin.TestGet" tests="1" skipped="0" failures="0" errors="0" timestamp="2020-02-17T14:45:12" hostname="iabloko" time="0.003">
  <properties/>
  <testcase name="testGetString" classname="io.ipfs.kotlin.TestGet" time="0.003"/>
  <system-out><![CDATA[. Entering  in testGetString called by invoke0
. Exiting from testGetString
]]></system-out>
  <system-err><![CDATA[févr. 17, 2020 3:45:12 PM okhttp3.mockwebserver.MockWebServer$2 execute
INFOS: MockWebServer[53903] starting to accept connections
févr. 17, 2020 3:45:12 PM okhttp3.mockwebserver.MockWebServer$3 processOneRequest
INFOS: MockWebServer[53903] received request: GET /cat/hash HTTP/1.1 and responded: HTTP/1.1 200 OK
févr. 17, 2020 3:45:12 PM okhttp3.mockwebserver.MockWebServer$2 acceptConnections
INFOS: MockWebServer[53903] done accepting connections: Socket closed
]]></system-err>
</testsuite>
