<?xml version="1.0" encoding="UTF-8"?>
<testsuite name="io.ipfs.kotlin.TestRepo" tests="4" skipped="0" failures="0" errors="0" timestamp="2020-02-16T10:46:01" hostname="iabloko" time="0.077">
  <properties/>
  <testcase name="testEmptyGC" classname="io.ipfs.kotlin.TestRepo" time="0.065"/>
  <testcase name="testGC" classname="io.ipfs.kotlin.TestRepo" time="0.006"/>
  <testcase name="testDifferentSeparator" classname="io.ipfs.kotlin.TestRepo" time="0.004"/>
  <testcase name="testNewGCResponseStyle" classname="io.ipfs.kotlin.TestRepo" time="0.002"/>
  <system-out><![CDATA[]]></system-out>
  <system-err><![CDATA[févr. 16, 2020 11:46:01 AM okhttp3.mockwebserver.MockWebServer$2 execute
INFOS: MockWebServer[57349] starting to accept connections
févr. 16, 2020 11:46:01 AM okhttp3.mockwebserver.MockWebServer$3 processOneRequest
INFOS: MockWebServer[57349] received request: GET /repo/gc HTTP/1.1 and responded: HTTP/1.1 200 OK
févr. 16, 2020 11:46:01 AM okhttp3.mockwebserver.MockWebServer$2 acceptConnections
INFOS: MockWebServer[57349] done accepting connections: Socket closed
févr. 16, 2020 11:46:01 AM okhttp3.mockwebserver.MockWebServer$2 execute
INFOS: MockWebServer[36039] starting to accept connections
févr. 16, 2020 11:46:01 AM okhttp3.mockwebserver.MockWebServer$3 processOneRequest
INFOS: MockWebServer[36039] received request: GET /repo/gc HTTP/1.1 and responded: HTTP/1.1 200 OK
févr. 16, 2020 11:46:01 AM okhttp3.mockwebserver.MockWebServer$2 acceptConnections
INFOS: MockWebServer[36039] done accepting connections: Socket closed
févr. 16, 2020 11:46:01 AM okhttp3.mockwebserver.MockWebServer$2 execute
INFOS: MockWebServer[44967] starting to accept connections
févr. 16, 2020 11:46:01 AM okhttp3.mockwebserver.MockWebServer$3 processOneRequest
INFOS: MockWebServer[44967] received request: GET /repo/gc HTTP/1.1 and responded: HTTP/1.1 200 OK
févr. 16, 2020 11:46:01 AM okhttp3.mockwebserver.MockWebServer$2 acceptConnections
INFOS: MockWebServer[44967] done accepting connections: Socket closed
févr. 16, 2020 11:46:01 AM okhttp3.mockwebserver.MockWebServer$2 execute
INFOS: MockWebServer[34319] starting to accept connections
févr. 16, 2020 11:46:01 AM okhttp3.mockwebserver.MockWebServer$3 processOneRequest
INFOS: MockWebServer[34319] received request: GET /repo/gc HTTP/1.1 and responded: HTTP/1.1 200 OK
févr. 16, 2020 11:46:01 AM okhttp3.mockwebserver.MockWebServer$2 acceptConnections
INFOS: MockWebServer[34319] done accepting connections: Socket closed
]]></system-err>
</testsuite>
