<?xml version="1.0" encoding="UTF-8"?>
<testsuite name="io.ipfs.kotlin.TestPins" tests="2" skipped="0" failures="0" errors="0" timestamp="2020-02-16T10:46:01" hostname="iabloko" time="0.188">
  <properties/>
  <testcase name="testAddPinFail" classname="io.ipfs.kotlin.TestPins" time="0.184"/>
  <testcase name="testAddPin" classname="io.ipfs.kotlin.TestPins" time="0.004"/>
  <system-out><![CDATA[]]></system-out>
  <system-err><![CDATA[févr. 16, 2020 11:46:01 AM okhttp3.mockwebserver.MockWebServer$2 execute
INFOS: MockWebServer[58887] starting to accept connections
févr. 16, 2020 11:46:01 AM okhttp3.mockwebserver.MockWebServer$3 processOneRequest
INFOS: MockWebServer[58887] received request: GET /pin/add/foo HTTP/1.1 and responded: HTTP/1.1 200 OK
févr. 16, 2020 11:46:01 AM okhttp3.mockwebserver.MockWebServer$2 acceptConnections
INFOS: MockWebServer[58887] done accepting connections: Socket closed
févr. 16, 2020 11:46:01 AM okhttp3.mockwebserver.MockWebServer$2 execute
INFOS: MockWebServer[40595] starting to accept connections
févr. 16, 2020 11:46:01 AM okhttp3.mockwebserver.MockWebServer$3 processOneRequest
INFOS: MockWebServer[40595] received request: GET /pin/add/QmPFDyWdL6yjz92jdc6bzWXHKVvydAhgTzhefSmmkDXzSZ HTTP/1.1 and responded: HTTP/1.1 200 OK
févr. 16, 2020 11:46:01 AM okhttp3.mockwebserver.MockWebServer$2 acceptConnections
INFOS: MockWebServer[40595] done accepting connections: Socket closed
]]></system-err>
</testsuite>
