<?xml version="1.0" encoding="UTF-8"?>
<testsuite name="io.ipfs.kotlin.TestPins" tests="2" skipped="0" failures="0" errors="0" timestamp="2020-02-16T15:02:15" hostname="iabloko" time="0.185">
  <properties/>
  <testcase name="testAddPinFail" classname="io.ipfs.kotlin.TestPins" time="0.182"/>
  <testcase name="testAddPin" classname="io.ipfs.kotlin.TestPins" time="0.003"/>
  <system-out><![CDATA[]]></system-out>
  <system-err><![CDATA[févr. 16, 2020 4:02:15 PM okhttp3.mockwebserver.MockWebServer$2 execute
INFOS: MockWebServer[36597] starting to accept connections
févr. 16, 2020 4:02:15 PM okhttp3.mockwebserver.MockWebServer$3 processOneRequest
INFOS: MockWebServer[36597] received request: GET /pin/add/foo HTTP/1.1 and responded: HTTP/1.1 200 OK
févr. 16, 2020 4:02:16 PM okhttp3.mockwebserver.MockWebServer$2 acceptConnections
INFOS: MockWebServer[36597] done accepting connections: Socket closed
févr. 16, 2020 4:02:16 PM okhttp3.mockwebserver.MockWebServer$2 execute
INFOS: MockWebServer[55407] starting to accept connections
févr. 16, 2020 4:02:16 PM okhttp3.mockwebserver.MockWebServer$3 processOneRequest
INFOS: MockWebServer[55407] received request: GET /pin/add/QmPFDyWdL6yjz92jdc6bzWXHKVvydAhgTzhefSmmkDXzSZ HTTP/1.1 and responded: HTTP/1.1 200 OK
févr. 16, 2020 4:02:16 PM okhttp3.mockwebserver.MockWebServer$2 acceptConnections
INFOS: MockWebServer[55407] done accepting connections: Socket closed
]]></system-err>
</testsuite>
