<?xml version="1.0" encoding="UTF-8"?>
<testsuite name="io.ipfs.kotlin.TestRepo" tests="4" skipped="0" failures="0" errors="0" timestamp="2020-02-16T15:02:16" hostname="iabloko" time="0.084">
  <properties/>
  <testcase name="testEmptyGC" classname="io.ipfs.kotlin.TestRepo" time="0.069"/>
  <testcase name="testGC" classname="io.ipfs.kotlin.TestRepo" time="0.006"/>
  <testcase name="testDifferentSeparator" classname="io.ipfs.kotlin.TestRepo" time="0.005"/>
  <testcase name="testNewGCResponseStyle" classname="io.ipfs.kotlin.TestRepo" time="0.003"/>
  <system-out><![CDATA[]]></system-out>
  <system-err><![CDATA[févr. 16, 2020 4:02:16 PM okhttp3.mockwebserver.MockWebServer$2 execute
INFOS: MockWebServer[52483] starting to accept connections
févr. 16, 2020 4:02:16 PM okhttp3.mockwebserver.MockWebServer$3 processOneRequest
INFOS: MockWebServer[52483] received request: GET /repo/gc HTTP/1.1 and responded: HTTP/1.1 200 OK
févr. 16, 2020 4:02:16 PM okhttp3.mockwebserver.MockWebServer$2 acceptConnections
INFOS: MockWebServer[52483] done accepting connections: Socket closed
févr. 16, 2020 4:02:16 PM okhttp3.mockwebserver.MockWebServer$2 execute
INFOS: MockWebServer[35759] starting to accept connections
févr. 16, 2020 4:02:16 PM okhttp3.mockwebserver.MockWebServer$3 processOneRequest
INFOS: MockWebServer[35759] received request: GET /repo/gc HTTP/1.1 and responded: HTTP/1.1 200 OK
févr. 16, 2020 4:02:16 PM okhttp3.mockwebserver.MockWebServer$2 acceptConnections
INFOS: MockWebServer[35759] done accepting connections: Socket closed
févr. 16, 2020 4:02:16 PM okhttp3.mockwebserver.MockWebServer$2 execute
INFOS: MockWebServer[45271] starting to accept connections
févr. 16, 2020 4:02:16 PM okhttp3.mockwebserver.MockWebServer$3 processOneRequest
INFOS: MockWebServer[45271] received request: GET /repo/gc HTTP/1.1 and responded: HTTP/1.1 200 OK
févr. 16, 2020 4:02:16 PM okhttp3.mockwebserver.MockWebServer$2 acceptConnections
INFOS: MockWebServer[45271] done accepting connections: Socket closed
févr. 16, 2020 4:02:16 PM okhttp3.mockwebserver.MockWebServer$2 execute
INFOS: MockWebServer[43951] starting to accept connections
févr. 16, 2020 4:02:16 PM okhttp3.mockwebserver.MockWebServer$3 processOneRequest
INFOS: MockWebServer[43951] received request: GET /repo/gc HTTP/1.1 and responded: HTTP/1.1 200 OK
févr. 16, 2020 4:02:16 PM okhttp3.mockwebserver.MockWebServer$2 acceptConnections
INFOS: MockWebServer[43951] done accepting connections: Socket closed
]]></system-err>
</testsuite>
